[20:50:36] [main/WARN]: Ambiguity between arguments [teleport, destination] and [teleport, targets] with inputs: [Player, 0123, @e, dd12be42-52a9-4a91-a8a1-11c01849e498]
[20:50:36] [main/WARN]: Ambiguity between arguments [teleport, location] and [teleport, destination] with inputs: [0.1 -0.5 .9, 0 0 0]
[20:50:36] [main/WARN]: Ambiguity between arguments [teleport, location] and [teleport, targets] with inputs: [0.1 -0.5 .9, 0 0 0]
[20:50:36] [main/WARN]: Ambiguity between arguments [teleport, targets] and [teleport, destination] with inputs: [Player, 0123, dd12be42-52a9-4a91-a8a1-11c01849e498]
[20:50:36] [main/WARN]: Ambiguity between arguments [teleport, targets, location] and [teleport, targets, destination] with inputs: [0.1 -0.5 .9, 0 0 0]
[20:50:40] [Server thread/INFO]: Starting minecraft server version 1.15.2
[20:50:40] [Server thread/INFO]: Loading properties
[20:50:40] [Server thread/INFO]: Default game type: ADVENTURE
[20:50:40] [Server thread/INFO]: Generating keypair
[20:50:41] [Server thread/INFO]: Starting Minecraft server on *:25565
[20:50:41] [Server thread/INFO]: Using default channel type
[20:50:41] [Server thread/INFO]: Preparing level "SurvivalGames"
[20:50:41] [Server thread/INFO]: Reloading ResourceManager: Default, RandomChests
[20:50:45] [User Authenticator #1/INFO]: UUID of player lonk404 is 687c38ef-9096-4a8e-95de-f8715dbab0aa
[20:50:48] [Server thread/INFO]: Loaded 6 recipes
[20:50:48] [Server thread/INFO]: Loaded 1 custom command functions
[20:50:48] [Server thread/INFO]: Loaded 825 advancements
[20:50:49] [Server thread/INFO]: Preparing start region for dimension minecraft:overworld
[20:50:50] [Server thread/INFO]: Preparing spawn area: 0%
[20:50:50] [Server thread/INFO]: Preparing spawn area: 0%
[20:50:50] [Server thread/INFO]: Preparing spawn area: 0%
[20:50:50] [Server thread/INFO]: Preparing spawn area: 26%
[20:50:50] [Server thread/INFO]: Time elapsed: 1912 ms
[20:50:50] [Server thread/INFO]: Done (9.339s)! For help, type "help"
[20:50:51] [Server thread/INFO]: lonk404[/192.168.1.3:60988] logged in with entity id 1 at (464.2923983691006, 1.0, 722.3000000119209)
[20:50:51] [Server thread/INFO]: lonk404 joined the game
[20:51:13] [Server thread/INFO]: [lonk404: Showing new title for lonk404]
[20:51:32] [Server thread/INFO]: [lonk404: Showing new title for lonk404]
[20:51:51] [Server thread/INFO]: [lonk404: Set own game mode to Spectator Mode]
[20:52:10] [Server thread/INFO]: [lonk404: Set own game mode to Creative Mode]
[20:53:07] [Server thread/INFO]: [@: Showing new title for lonk404]
[20:53:44] [Server thread/INFO]: [@: Showing new subtitle for lonk404]
[20:53:51] [Server thread/INFO]: [@: Showing new subtitle for lonk404]
[20:54:09] [Server thread/INFO]: <lonk404> title @a actionbar {"text":"","extra":[{"text":"THE GAME IS STARTING SOON","color":"COLOR","bold":"true"}]}
[20:54:13] [Server thread/INFO]: [lonk404: Showing new actionbar title for lonk404]
[20:54:17] [Server thread/INFO]: [lonk404: Set own game mode to Survival Mode]
[20:54:22] [Server thread/INFO]: [lonk404: Showing new actionbar title for lonk404]
[20:54:33] [Server thread/INFO]: [lonk404: Showing new subtitle for lonk404]
[20:54:47] [Server thread/INFO]: [lonk404: Showing new title for lonk404]
[20:54:57] [Server thread/INFO]: [lonk404: Showing new title for lonk404]
[20:55:03] [Server thread/INFO]: [lonk404: Set own game mode to Creative Mode]
[20:55:39] [Server thread/INFO]: [@: Showing new subtitle for lonk404]
[20:55:39] [Server thread/INFO]: [@: Showing new actionbar title for lonk404]
[20:56:01] [Server thread/INFO]: [@: Showing new subtitle for lonk404]
[20:56:01] [Server thread/INFO]: [@: Showing new title for lonk404]
[20:56:18] [Server thread/INFO]: [lonk404: Set own game mode to Spectator Mode]
